<?xml version="1.0" encoding="UTF-8" ?>
<testsuite errors="0" failures="1" hostname="CMODEN-LT19" name="GreeterTest" skipped="0" tests="1" time="0.517" timestamp="2022-04-07T18:01:49">
  <properties>
[...]
</properties>
  <testcase classname="GreeterTest" name="test" time="0.015">
    <failure message="You did not print anything!" type="junit.framework.AssertionFailedError">junit.framework.AssertionFailedError: You did not print anything!
	at GreeterTest.test(GreeterTest.java:22)
	at java.base/jdk.internal.reflect.NativeMethodAccessorImpl.invoke0(Native Method)
	at java.base/jdk.internal.reflect.NativeMethodAccessorImpl.invoke(NativeMethodAccessorImpl.java:62)
	at java.base/jdk.internal.reflect.DelegatingMethodAccessorImpl.invoke(DelegatingMethodAccessorImpl.java:43)
	at fi.helsinki.cs.tmc.edutestutils.MockStdio$1.evaluate(MockStdio.java:106)
</failure>
  </testcase>
  <system-out><![CDATA[]]></system-out>
  <system-err><![CDATA[]]></system-err>
</testsuite>
